<?xml version="1.0" encoding="UTF-8"?>
<testng-results skipped="0" failed="0" ignored="0" total="1" passed="1">
  <reporter-output>
  </reporter-output>
  <suite name="Suite" duration-ms="2994" started-at="2020-03-03T18:14:28Z" finished-at="2020-03-03T18:14:31Z">
    <groups>
    </groups>
    <test name="Test" duration-ms="2994" started-at="2020-03-03T18:14:28Z" finished-at="2020-03-03T18:14:31Z">
      <class name="App.Script.GetUser_TestCases">
        <test-method status="PASS" signature="GetUser()[pri:0, instance:App.Script.GetUser_TestCases@39aeed2f]" name="GetUser" duration-ms="2941" started-at="2020-03-03T18:14:28Z" finished-at="2020-03-03T18:14:31Z">
          <reporter-output>
          </reporter-output>
        </test-method> <!-- GetUser -->
      </class> <!-- App.Script.GetUser_TestCases -->
    </test> <!-- Test -->
  </suite> <!-- Suite -->
</testng-results>
